#
# There is insufficient memory for the Java Runtime Environment to continue.
# Native memory allocation (mmap) failed to map 83886080 bytes for committing reserved memory.
# Possible reasons:
#   The system is out of physical RAM or swap space
#   In 32 bit mode, the process size limit was hit
# Possible solutions:
#   Reduce memory load on the system
#   Increase physical memory or swap space
#   Check if swap backing store is full
#   Use 64 bit Java on a 64 bit OS
#   Decrease Java heap size (-Xmx/-Xms)
#   Decrease number of Java threads
#   Decrease Java thread stack sizes (-Xss)
#   Set larger code cache with -XX:ReservedCodeCacheSize=
# This output file may be truncated or incomplete.
#
#  Out of Memory Error (os_linux.cpp:2640), pid=18618, tid=0x00007f3b5e323700
#
# JRE version:  (8.0_152-b01) (build )
# Java VM: OpenJDK 64-Bit Server VM (25.152-b01 mixed mode linux-amd64 compressed oops)
# Failed to write core dump. Core dumps have been disabled. To enable core dumping, try "ulimit -c unlimited" before starting Java again
#

---------------  T H R E A D  ---------------

Current thread (0x00007f3b5800b000):  JavaThread "Unknown thread" [_thread_in_vm, id=18620, stack(0x00007f3b5e223000,0x00007f3b5e324000)]

Stack: [0x00007f3b5e223000,0x00007f3b5e324000],  sp=0x00007f3b5e322620,  free space=1021k
Native frames: (J=compiled Java code, j=interpreted, Vv=VM code, C=native code)
V  [libjvm.so+0x9eb15d]  VMError::report_and_die()+0x15d
V  [libjvm.so+0x4b8eaa]  report_vm_out_of_memory(char const*, int, unsigned long, VMErrorType, char const*)+0x8a
V  [libjvm.so+0x851370]  os::pd_commit_memory(char*, unsigned long, unsigned long, bool)+0xf0
V  [libjvm.so+0x84be8f]  os::commit_memory(char*, unsigned long, unsigned long, bool)+0x1f
V  [libjvm.so+0x8c261b]  PSVirtualSpace::expand_by(unsigned long)+0x5b
V  [libjvm.so+0x8b4598]  PSOldGen::initialize(ReservedSpace, unsigned long, char const*, int)+0xa8
V  [libjvm.so+0x2c4933]  AdjoiningGenerations::AdjoiningGenerations(ReservedSpace, GenerationSizer*, unsigned long)+0x353
V  [libjvm.so+0x875021]  ParallelScavengeHeap::initialize()+0x211
V  [libjvm.so+0x9b65a9]  Universe::initialize_heap()+0x189
V  [libjvm.so+0x9b67a3]  universe_init()+0x33
V  [libjvm.so+0x5e0ba5]  init_globals()+0x55
V  [libjvm.so+0x999b93]  Threads::create_vm(JavaVMInitArgs*, bool*)+0x2b3
V  [libjvm.so+0x64e9b2]  JNI_CreateJavaVM+0x52
C  [libjli.so+0x77c8]  JavaMain+0x88
C  [libpthread.so.0+0x76ba]  start_thread+0xca


---------------  P R O C E S S  ---------------

Java Threads: ( => current thread )

Other Threads:

=>0x00007f3b5800b000 (exited) JavaThread "Unknown thread" [_thread_in_vm, id=18620, stack(0x00007f3b5e223000,0x00007f3b5e324000)]

VM state:not at safepoint (not fully initialized)

VM Mutex/Monitor currently owned by a thread: None

GC Heap History (0 events):
No events

Deoptimization events (0 events):
No events

Classes redefined (0 events):
No events

Internal exceptions (0 events):
No events

Events (0 events):
No events


Dynamic libraries:
00400000-00401000 r-xp 00000000 103:03 12067843                          /home/nexus06/android-studio/jre/bin/java
00600000-00601000 r--p 00000000 103:03 12067843                          /home/nexus06/android-studio/jre/bin/java
00601000-00602000 rw-p 00001000 103:03 12067843                          /home/nexus06/android-studio/jre/bin/java
012ce000-012ef000 rw-p 00000000 00:00 0                                  [heap]
8e200000-d8600000 ---p 00000000 00:00 0 
d8600000-dae00000 rw-p 00000000 00:00 0 
dae00000-100000000 ---p 00000000 00:00 0 
7f3b47a73000-7f3b47bfd000 rw-p 00000000 00:00 0 
7f3b47bfd000-7f3b47e77000 ---p 00000000 00:00 0 
7f3b47e77000-7f3b47e8b000 rw-p 00000000 00:00 0 
7f3b47e8b000-7f3b47fb4000 ---p 00000000 00:00 0 
7f3b47fb4000-7f3b47fbf000 rw-p 00000000 00:00 0 
7f3b47fbf000-7f3b48375000 ---p 00000000 00:00 0 
7f3b48375000-7f3b485e5000 rwxp 00000000 00:00 0 
7f3b485e5000-7f3b57375000 ---p 00000000 00:00 0 
7f3b57375000-7f3b5738f000 r-xp 00000000 103:03 12067943                  /home/nexus06/android-studio/jre/jre/lib/amd64/libzip.so
7f3b5738f000-7f3b5758f000 ---p 0001a000 103:03 12067943                  /home/nexus06/android-studio/jre/jre/lib/amd64/libzip.so
7f3b5758f000-7f3b57590000 r--p 0001a000 103:03 12067943                  /home/nexus06/android-studio/jre/jre/lib/amd64/libzip.so
7f3b57590000-7f3b57591000 rw-p 0001b000 103:03 12067943                  /home/nexus06/android-studio/jre/jre/lib/amd64/libzip.so
7f3b57591000-7f3b5759c000 r-xp 00000000 103:02 555997                    /lib/x86_64-linux-gnu/libnss_files-2.23.so
7f3b5759c000-7f3b5779b000 ---p 0000b000 103:02 555997                    /lib/x86_64-linux-gnu/libnss_files-2.23.so
7f3b5779b000-7f3b5779c000 r--p 0000a000 103:02 555997                    /lib/x86_64-linux-gnu/libnss_files-2.23.so
7f3b5779c000-7f3b5779d000 rw-p 0000b000 103:02 555997                    /lib/x86_64-linux-gnu/libnss_files-2.23.so
7f3b5779d000-7f3b577a3000 rw-p 00000000 00:00 0 
7f3b577a3000-7f3b577ae000 r-xp 00000000 103:02 556001                    /lib/x86_64-linux-gnu/libnss_nis-2.23.so
7f3b577ae000-7f3b579ad000 ---p 0000b000 103:02 556001                    /lib/x86_64-linux-gnu/libnss_nis-2.23.so
7f3b579ad000-7f3b579ae000 r--p 0000a000 103:02 556001                    /lib/x86_64-linux-gnu/libnss_nis-2.23.so
7f3b579ae000-7f3b579af000 rw-p 0000b000 103:02 556001                    /lib/x86_64-linux-gnu/libnss_nis-2.23.so
7f3b579af000-7f3b579c5000 r-xp 00000000 103:02 555981                    /lib/x86_64-linux-gnu/libnsl-2.23.so
7f3b579c5000-7f3b57bc4000 ---p 00016000 103:02 555981                    /lib/x86_64-linux-gnu/libnsl-2.23.so
7f3b57bc4000-7f3b57bc5000 r--p 00015000 103:02 555981                    /lib/x86_64-linux-gnu/libnsl-2.23.so
7f3b57bc5000-7f3b57bc6000 rw-p 00016000 103:02 555981                    /lib/x86_64-linux-gnu/libnsl-2.23.so
7f3b57bc6000-7f3b57bc8000 rw-p 00000000 00:00 0 
7f3b57bc8000-7f3b57bd0000 r-xp 00000000 103:02 555992                    /lib/x86_64-linux-gnu/libnss_compat-2.23.so
7f3b57bd0000-7f3b57dcf000 ---p 00008000 103:02 555992                    /lib/x86_64-linux-gnu/libnss_compat-2.23.so
7f3b57dcf000-7f3b57dd0000 r--p 00007000 103:02 555992                    /lib/x86_64-linux-gnu/libnss_compat-2.23.so
7f3b57dd0000-7f3b57dd1000 rw-p 00008000 103:02 555992                    /lib/x86_64-linux-gnu/libnss_compat-2.23.so
7f3b57dd1000-7f3b57dfe000 r-xp 00000000 103:03 12067942                  /home/nexus06/android-studio/jre/jre/lib/amd64/libjava.so
7f3b57dfe000-7f3b57ffd000 ---p 0002d000 103:03 12067942                  /home/nexus06/android-studio/jre/jre/lib/amd64/libjava.so
7f3b57ffd000-7f3b57ffe000 r--p 0002c000 103:03 12067942                  /home/nexus06/android-studio/jre/jre/lib/amd64/libjava.so
7f3b57ffe000-7f3b58000000 rw-p 0002d000 103:03 12067942                  /home/nexus06/android-studio/jre/jre/lib/amd64/libjava.so
7f3b58000000-7f3b58035000 rw-p 00000000 00:00 0 
7f3b58035000-7f3b5c000000 ---p 00000000 00:00 0 
7f3b5c00b000-7f3b5c0f9000 rw-p 00000000 00:00 0 
7f3b5c0f9000-7f3b5c109000 r-xp 00000000 103:03 12067948                  /home/nexus06/android-studio/jre/jre/lib/amd64/libverify.so
7f3b5c109000-7f3b5c308000 ---p 00010000 103:03 12067948                  /home/nexus06/android-studio/jre/jre/lib/amd64/libverify.so
7f3b5c308000-7f3b5c30a000 r--p 0000f000 103:03 12067948                  /home/nexus06/android-studio/jre/jre/lib/amd64/libverify.so
7f3b5c30a000-7f3b5c30b000 rw-p 00011000 103:03 12067948                  /home/nexus06/android-studio/jre/jre/lib/amd64/libverify.so
7f3b5c30b000-7f3b5c312000 r-xp 00000000 103:02 556002                    /lib/x86_64-linux-gnu/librt-2.23.so
7f3b5c312000-7f3b5c511000 ---p 00007000 103:02 556002                    /lib/x86_64-linux-gnu/librt-2.23.so
7f3b5c511000-7f3b5c512000 r--p 00006000 103:02 556002                    /lib/x86_64-linux-gnu/librt-2.23.so
7f3b5c512000-7f3b5c513000 rw-p 00007000 103:02 556002                    /lib/x86_64-linux-gnu/librt-2.23.so
7f3b5c513000-7f3b5c61b000 r-xp 00000000 103:02 555980                    /lib/x86_64-linux-gnu/libm-2.23.so
7f3b5c61b000-7f3b5c81a000 ---p 00108000 103:02 555980                    /lib/x86_64-linux-gnu/libm-2.23.so
7f3b5c81a000-7f3b5c81b000 r--p 00107000 103:02 555980                    /lib/x86_64-linux-gnu/libm-2.23.so
7f3b5c81b000-7f3b5c81c000 rw-p 00108000 103:02 555980                    /lib/x86_64-linux-gnu/libm-2.23.so
7f3b5c81c000-7f3b5d414000 r-xp 00000000 103:03 12067952                  /home/nexus06/android-studio/jre/jre/lib/amd64/server/libjvm.so
7f3b5d414000-7f3b5d614000 ---p 00bf8000 103:03 12067952                  /home/nexus06/android-studio/jre/jre/lib/amd64/server/libjvm.so
7f3b5d614000-7f3b5d6b3000 r--p 00bf8000 103:03 12067952                  /home/nexus06/android-studio/jre/jre/lib/amd64/server/libjvm.so
7f3b5d6b3000-7f3b5d6dc000 rw-p 00c97000 103:03 12067952                  /home/nexus06/android-studio/jre/jre/lib/amd64/server/libjvm.so
7f3b5d6dc000-7f3b5d720000 rw-p 00000000 00:00 0 
7f3b5d720000-7f3b5d738000 r-xp 00000000 103:02 555983                    /lib/x86_64-linux-gnu/libpthread-2.23.so
7f3b5d738000-7f3b5d937000 ---p 00018000 103:02 555983                    /lib/x86_64-linux-gnu/libpthread-2.23.so
7f3b5d937000-7f3b5d938000 r--p 00017000 103:02 555983                    /lib/x86_64-linux-gnu/libpthread-2.23.so
7f3b5d938000-7f3b5d939000 rw-p 00018000 103:02 555983                    /lib/x86_64-linux-gnu/libpthread-2.23.so
7f3b5d939000-7f3b5d93d000 rw-p 00000000 00:00 0 
7f3b5d93d000-7f3b5d940000 r-xp 00000000 103:02 555986                    /lib/x86_64-linux-gnu/libdl-2.23.so
7f3b5d940000-7f3b5db3f000 ---p 00003000 103:02 555986                    /lib/x86_64-linux-gnu/libdl-2.23.so
7f3b5db3f000-7f3b5db40000 r--p 00002000 103:02 555986                    /lib/x86_64-linux-gnu/libdl-2.23.so
7f3b5db40000-7f3b5db41000 rw-p 00003000 103:02 555986                    /lib/x86_64-linux-gnu/libdl-2.23.so
7f3b5db41000-7f3b5dd01000 r-xp 00000000 103:02 555984                    /lib/x86_64-linux-gnu/libc-2.23.so
7f3b5dd01000-7f3b5df01000 ---p 001c0000 103:02 555984                    /lib/x86_64-linux-gnu/libc-2.23.so
7f3b5df01000-7f3b5df05000 r--p 001c0000 103:02 555984                    /lib/x86_64-linux-gnu/libc-2.23.so
7f3b5df05000-7f3b5df07000 rw-p 001c4000 103:02 555984                    /lib/x86_64-linux-gnu/libc-2.23.so
7f3b5df07000-7f3b5df0b000 rw-p 00000000 00:00 0 
7f3b5df0b000-7f3b5df21000 r-xp 00000000 103:03 12067891                  /home/nexus06/android-studio/jre/lib/amd64/jli/libjli.so
7f3b5df21000-7f3b5e120000 ---p 00016000 103:03 12067891                  /home/nexus06/android-studio/jre/lib/amd64/jli/libjli.so
7f3b5e120000-7f3b5e121000 r--p 00015000 103:03 12067891                  /home/nexus06/android-studio/jre/lib/amd64/jli/libjli.so
7f3b5e121000-7f3b5e122000 rw-p 00016000 103:03 12067891                  /home/nexus06/android-studio/jre/lib/amd64/jli/libjli.so
7f3b5e122000-7f3b5e148000 r-xp 00000000 103:02 555982                    /lib/x86_64-linux-gnu/ld-2.23.so
7f3b5e223000-7f3b5e226000 ---p 00000000 00:00 0 
7f3b5e226000-7f3b5e328000 rw-p 00000000 00:00 0 
7f3b5e33c000-7f3b5e344000 rw-s 00000000 103:02 725295                    /tmp/hsperfdata_nexus06/18618
7f3b5e344000-7f3b5e345000 rw-p 00000000 00:00 0 
7f3b5e345000-7f3b5e346000 r--p 00000000 00:00 0 
7f3b5e346000-7f3b5e347000 rw-p 00000000 00:00 0 
7f3b5e347000-7f3b5e348000 r--p 00025000 103:02 555982                    /lib/x86_64-linux-gnu/ld-2.23.so
7f3b5e348000-7f3b5e349000 rw-p 00026000 103:02 555982                    /lib/x86_64-linux-gnu/ld-2.23.so
7f3b5e349000-7f3b5e34a000 rw-p 00000000 00:00 0 
7ffc6ec03000-7ffc6ec25000 rw-p 00000000 00:00 0                          [stack]
7ffc6ecfd000-7ffc6ed00000 r--p 00000000 00:00 0                          [vvar]
7ffc6ed00000-7ffc6ed02000 r-xp 00000000 00:00 0                          [vdso]
ffffffffff600000-ffffffffff601000 r-xp 00000000 00:00 0                  [vsyscall]

VM Arguments:
jvm_args: -Djava.security.manager=worker.org.gradle.process.internal.worker.child.BootstrapSecurityManager -Dorg.gradle.native=false -Dfile.encoding=UTF-8 -Duser.country=US -Duser.language=en -Duser.variant -ea 
java_command: worker.org.gradle.process.internal.worker.GradleWorkerMain 'Gradle Test Executor 4'
java_class_path (initial): /home/nexus06/.gradle/caches/4.10.3/workerMain/gradle-worker.jar
Launcher Type: SUN_STANDARD

Environment Variables:
PATH=/home/nexus06/bin:/usr/local/bin:/home/nexus06/Android/Sdk/platform-tools:/home/nexus06/bin:/home/nexus06/.local/bin:/usr/local/sbin:/usr/local/bin:/usr/sbin:/usr/bin:/sbin:/bin:/usr/games:/usr/local/games:/snap/bin
LD_LIBRARY_PATH=.:
SHELL=/usr/bin/zsh
DISPLAY=:0

Signal Handlers:
SIGSEGV: [libjvm.so+0x9ebc60], sa_mask[0]=11111111011111111101111111111110, sa_flags=SA_RESTART|SA_SIGINFO
SIGBUS: [libjvm.so+0x9ebc60], sa_mask[0]=11111111011111111101111111111110, sa_flags=SA_RESTART|SA_SIGINFO
SIGFPE: [libjvm.so+0x84cf60], sa_mask[0]=11111111011111111101111111111110, sa_flags=SA_RESTART|SA_SIGINFO
SIGPIPE: [libjvm.so+0x84cf60], sa_mask[0]=11111111011111111101111111111110, sa_flags=SA_RESTART|SA_SIGINFO
SIGXFSZ: [libjvm.so+0x84cf60], sa_mask[0]=11111111011111111101111111111110, sa_flags=SA_RESTART|SA_SIGINFO
SIGILL: [libjvm.so+0x84cf60], sa_mask[0]=11111111011111111101111111111110, sa_flags=SA_RESTART|SA_SIGINFO
SIGUSR1: SIG_DFL, sa_mask[0]=00000000000000000000000000000000, sa_flags=none
SIGUSR2: [libjvm.so+0x84ce30], sa_mask[0]=00100000000000000000000000000000, sa_flags=SA_RESTART|SA_SIGINFO
SIGHUP: SIG_DFL, sa_mask[0]=00000000000000000000000000000000, sa_flags=none
SIGINT: SIG_DFL, sa_mask[0]=00000000000000000000000000000000, sa_flags=none
SIGTERM: SIG_DFL, sa_mask[0]=00000000000000000000000000000000, sa_flags=none
SIGQUIT: SIG_DFL, sa_mask[0]=00000000000000000000000000000000, sa_flags=none


---------------  S Y S T E M  ---------------

OS:DISTRIB_ID=Ubuntu
DISTRIB_RELEASE=16.04
DISTRIB_CODENAME=xenial
DISTRIB_DESCRIPTION="Ubuntu 16.04.3 LTS"

uname:Linux 4.15.0-46-generic #49~16.04.1-Ubuntu SMP Tue Feb 12 17:45:24 UTC 2019 x86_64
libc:glibc 2.23 NPTL 2.23 
rlimit: STACK 8192k, CORE 0k, NPROC 30176, NOFILE 1048576, AS infinity
load average:11.20 4.72 2.74

/proc/meminfo:
MemTotal:        7784540 kB
MemFree:          109632 kB
MemAvailable:      18200 kB
Buffers:            1288 kB
Cached:           454492 kB
SwapCached:         2360 kB
Active:          6343696 kB
Inactive:         971808 kB
Active(anon):    6333916 kB
Inactive(anon):   961544 kB
Active(file):       9780 kB
Inactive(file):    10264 kB
Unevictable:         732 kB
Mlocked:             732 kB
SwapTotal:       3998716 kB
SwapFree:              0 kB
Dirty:               104 kB
Writeback:             0 kB
AnonPages:       6858712 kB
Mapped:           214120 kB
Shmem:            435340 kB
Slab:             193692 kB
SReclaimable:      78944 kB
SUnreclaim:       114748 kB
KernelStack:       17216 kB
PageTables:        74556 kB
NFS_Unstable:          0 kB
Bounce:                0 kB
WritebackTmp:          0 kB
CommitLimit:     7890984 kB
Committed_AS:   18002352 kB
VmallocTotal:   34359738367 kB
VmallocUsed:           0 kB
VmallocChunk:          0 kB
HardwareCorrupted:     0 kB
AnonHugePages:         0 kB
ShmemHugePages:        0 kB
ShmemPmdMapped:        0 kB
CmaTotal:              0 kB
CmaFree:               0 kB
HugePages_Total:       0
HugePages_Free:        0
HugePages_Rsvd:        0
HugePages_Surp:        0
Hugepagesize:       2048 kB
DirectMap4k:      490520 kB
DirectMap2M:     7510016 kB
DirectMap1G:           0 kB


CPU:total 4 (initial active 4) (2 cores per cpu, 2 threads per core) family 6 model 142 stepping 9, cmov, cx8, fxsr, mmx, sse, sse2, sse3, ssse3, sse4.1, sse4.2, popcnt, avx, avx2, aes, clmul, erms, 3dnowpref, lzcnt, ht, tsc, tscinvbit, bmi1, bmi2, adx

/proc/cpuinfo:
processor	: 0
vendor_id	: GenuineIntel
cpu family	: 6
model		: 142
model name	: Intel(R) Core(TM) i7-7500U CPU @ 2.70GHz
stepping	: 9
microcode	: 0x8e
cpu MHz		: 3071.824
cache size	: 4096 KB
physical id	: 0
siblings	: 4
core id		: 0
cpu cores	: 2
apicid		: 0
initial apicid	: 0
fpu		: yes
fpu_exception	: yes
cpuid level	: 22
wp		: yes
flags		: fpu vme de pse tsc msr pae mce cx8 apic sep mtrr pge mca cmov pat pse36 clflush dts acpi mmx fxsr sse sse2 ss ht tm pbe syscall nx pdpe1gb rdtscp lm constant_tsc art arch_perfmon pebs bts rep_good nopl xtopology nonstop_tsc cpuid aperfmperf tsc_known_freq pni pclmulqdq dtes64 monitor ds_cpl vmx est tm2 ssse3 sdbg fma cx16 xtpr pdcm pcid sse4_1 sse4_2 x2apic movbe popcnt tsc_deadline_timer aes xsave avx f16c rdrand lahf_lm abm 3dnowprefetch cpuid_fault epb invpcid_single pti ssbd ibrs ibpb stibp tpr_shadow vnmi flexpriority ept vpid fsgsbase tsc_adjust bmi1 avx2 smep bmi2 erms invpcid mpx rdseed adx smap clflushopt intel_pt xsaveopt xsavec xgetbv1 xsaves dtherm ida arat pln pts hwp hwp_notify hwp_act_window hwp_epp flush_l1d
bugs		: cpu_meltdown spectre_v1 spectre_v2 spec_store_bypass l1tf
bogomips	: 5808.00
clflush size	: 64
cache_alignment	: 64
address sizes	: 39 bits physical, 48 bits virtual
power management:

processor	: 1
vendor_id	: GenuineIntel
cpu family	: 6
model		: 142
model name	: Intel(R) Core(TM) i7-7500U CPU @ 2.70GHz
stepping	: 9
microcode	: 0x8e
cpu MHz		: 3072.014
cache size	: 4096 KB
physical id	: 0
siblings	: 4
core id		: 1
cpu cores	: 2
apicid		: 2
initial apicid	: 2
fpu		: yes
fpu_exception	: yes
cpuid level	: 22
wp		: yes
flags		: fpu vme de pse tsc msr pae mce cx8 apic sep mtrr pge mca cmov pat pse36 clflush dts acpi mmx fxsr sse sse2 ss ht tm pbe syscall nx pdpe1gb rdtscp lm constant_tsc art arch_perfmon pebs bts rep_good nopl xtopology nonstop_tsc cpuid aperfmperf tsc_known_freq pni pclmulqdq dtes64 monitor ds_cpl vmx est tm2 ssse3 sdbg fma cx16 xtpr pdcm pcid sse4_1 sse4_2 x2apic movbe popcnt tsc_deadline_timer aes xsave avx f16c rdrand lahf_lm abm 3dnowprefetch cpuid_fault epb invpcid_single pti tpr_shadow vnmi flexpriority ept vpid fsgsbase tsc_adjust bmi1 avx2 smep bmi2 erms invpcid mpx rdseed adx smap clflushopt intel_pt xsaveopt xsavec xgetbv1 xsaves dtherm ida arat pln pts hwp hwp_notify hwp_act_window hwp_epp
bugs		: cpu_meltdown spectre_v1 spectre_v2 spec_store_bypass l1tf
bogomips	: 5808.00
clflush size	: 64
cache_alignment	: 64
address sizes	: 39 bits physical, 48 bits virtual
power management:

processor	: 2
vendor_id	: GenuineIntel
cpu family	: 6
model		: 142
model name	: Intel(R) Core(TM) i7-7500U CPU @ 2.70GHz
stepping	: 9
microcode	: 0x8e
cpu MHz		: 3073.121
cache size	: 4096 KB
physical id	: 0
siblings	: 4
core id		: 0
cpu cores	: 2
apicid		: 1
initial apicid	: 1
fpu		: yes
fpu_exception	: yes
cpuid level	: 22
wp		: yes
flags		: fpu vme de pse tsc msr pae mce cx8 apic sep mtrr pge mca cmov pat pse36 clflush dts acpi mmx fxsr sse sse2 ss ht tm pbe syscall nx pdpe1gb rdtscp lm constant_tsc art arch_perfmon pebs bts rep_good nopl xtopology nonstop_tsc cpuid aperfmperf tsc_known_freq pni pclmulqdq dtes64 monitor ds_cpl vmx est tm2 ssse3 sdbg fma cx16 xtpr pdcm pcid sse4_1 sse4_2 x2apic movbe popcnt tsc_deadline_timer aes xsave avx f16c rdrand lahf_lm abm 3dnowprefetch cpuid_fault epb invpcid_single pti ssbd ibrs ibpb stibp tpr_shadow vnmi flexpriority ept vpid fsgsbase tsc_adjust bmi1 avx2 smep bmi2 erms invpcid mpx rdseed adx smap clflushopt intel_pt xsaveopt xsavec xgetbv1 xsaves dtherm ida arat pln pts hwp hwp_notify hwp_act_window hwp_epp flush_l1d
bugs		: cpu_meltdown spectre_v1 spectre_v2 spec_store_bypass l1tf
bogomips	: 5808.00
clflush size	: 64
cache_alignment	: 64
address sizes	: 39 bits physical, 48 bits virtual
power management:

processor	: 3
vendor_id	: GenuineIntel
cpu family	: 6
model		: 142
model name	: Intel(R) Core(TM) i7-7500U CPU @ 2.70GHz
stepping	: 9
microcode	: 0x8e
cpu MHz		: 3073.740
cache size	: 4096 KB
physical id	: 0
siblings	: 4
core id		: 1
cpu cores	: 2
apicid		: 3
initial apicid	: 3
fpu		: yes
fpu_exception	: yes
cpuid level	: 22
wp		: yes
flags		: fpu vme de pse tsc msr pae mce cx8 apic sep mtrr pge mca cmov pat pse36 clflush dts acpi mmx fxsr sse sse2 ss ht tm pbe syscall nx pdpe1gb rdtscp lm constant_tsc art arch_perfmon pebs bts rep_good nopl xtopology nonstop_tsc cpuid aperfmperf tsc_known_freq pni pclmulqdq dtes64 monitor ds_cpl vmx est tm2 ssse3 sdbg fma cx16 xtpr pdcm pcid sse4_1 sse4_2 x2apic movbe popcnt tsc_deadline_timer aes xsave avx f16c rdrand lahf_lm abm 3dnowprefetch cpuid_fault epb invpcid_single pti ssbd ibrs ibpb stibp tpr_shadow vnmi flexpriority ept vpid fsgsbase tsc_adjust bmi1 avx2 smep bmi2 erms invpcid mpx rdseed adx smap clflushopt intel_pt xsaveopt xsavec xgetbv1 xsaves dtherm ida arat pln pts hwp hwp_notify hwp_act_window hwp_epp flush_l1d
bugs		: cpu_meltdown spectre_v1 spectre_v2 spec_store_bypass l1tf
bogomips	: 5808.00
clflush size	: 64
cache_alignment	: 64
address sizes	: 39 bits physical, 48 bits virtual
power management:



Memory: 4k page, physical 7784540k(109512k free), swap 3998716k(0k free)

vm_info: OpenJDK 64-Bit Server VM (25.152-b01) for linux-amd64 JRE (1.8.0_152-release-915-b01), built by "builder" with gcc 4.8.4

time: Tue Mar 26 17:29:21 2019
elapsed time: 0 seconds (0d 0h 0m 0s)

